<?xml version="1.0" encoding="UTF-8"?>
<!-- Generated by org.testng.reporters.JUnitReportReporter -->
<testsuite skipped="0" hostname="NBSP000BOP-TP" name="HCLAssesmnt.Assesment.Scenario1" tests="1" failures="0" timestamp="24 Feb 2021 03:16:14 GMT" time="16.048" errors="0">
  <testcase name="addingItemToCartTest" time="16.048" classname="HCLAssesmnt.Assesment.Scenario1"/>
</testsuite> <!-- HCLAssesmnt.Assesment.Scenario1 -->
